2012/05/14 1:59:39 にビルドを開始しました。
     1>ノード 2 上のプロジェクト "C:\Users\hajime\Dropbox\program\itigo1.1\itigo1.1.vcxproj" (build ターゲット)。
     1>InitializeBuildStatus:
         "AlwaysCreate" が指定されたため "Release\itigo1.1.unsuccessfulbuild" を作成しています。
       ClCompile:
         すべての出力が最新のものです。
         すべての出力が最新のものです。
       ResourceCompile:
         すべての出力が最新のものです。
       Link:
         すべての出力が最新のものです。
         itigo1.1.vcxproj -> C:\Users\hajime\Dropbox\program\itigo1.1\Release\itigo1.1.exe
       Manifest:
         すべての出力が最新のものです。
       FinalizeBuildStatus:
         ファイル "Release\itigo1.1.unsuccessfulbuild" を削除しています。
         "Release\itigo1.1.lastbuildstate" のタッチ タスクを実行しています。
     1>プロジェクト "C:\Users\hajime\Dropbox\program\itigo1.1\itigo1.1.vcxproj" (build ターゲット) のビルドが完了しました。

ビルドに成功しました。

経過時間 00:00:00.12
