C:\USERS\SUGINOTE6\DOCUMENTS\VISUAL STUDIO 2010\PROJECTS\ITIGO1.1\DEBUG\C_HOMEPOSITION_DIALOG.OBJ
C:\USERS\SUGINOTE6\DOCUMENTS\VISUAL STUDIO 2010\PROJECTS\ITIGO1.1\DEBUG\C_MOTION_DIALOG.OBJ
C:\Users\SugiNote6\documents\visual studio 2010\Projects\itigo1.1\Debug\cl.command.1.tlog
C:\Users\SugiNote6\documents\visual studio 2010\Projects\itigo1.1\Debug\CL.read.1.tlog
C:\Users\SugiNote6\documents\visual studio 2010\Projects\itigo1.1\Debug\CL.write.1.tlog
C:\USERS\SUGINOTE6\DOCUMENTS\VISUAL STUDIO 2010\PROJECTS\ITIGO1.1\DEBUG\ITIGO1.1.EXE
C:\USERS\SUGINOTE6\DOCUMENTS\VISUAL STUDIO 2010\PROJECTS\ITIGO1.1\DEBUG\ITIGO1.1.EXE.EMBED.MANIFEST
C:\USERS\SUGINOTE6\DOCUMENTS\VISUAL STUDIO 2010\PROJECTS\ITIGO1.1\DEBUG\ITIGO1.1.EXE.EMBED.MANIFEST.RES
C:\USERS\SUGINOTE6\DOCUMENTS\VISUAL STUDIO 2010\PROJECTS\ITIGO1.1\DEBUG\ITIGO1.1.EXE.INTERMEDIATE.MANIFEST
C:\USERS\SUGINOTE6\DOCUMENTS\VISUAL STUDIO 2010\PROJECTS\ITIGO1.1\DEBUG\ITIGO1.1.ILK
C:\USERS\SUGINOTE6\DOCUMENTS\VISUAL STUDIO 2010\PROJECTS\ITIGO1.1\DEBUG\ITIGO1.1.OBJ
C:\USERS\SUGINOTE6\DOCUMENTS\VISUAL STUDIO 2010\PROJECTS\ITIGO1.1\DEBUG\ITIGO1.1.PCH
C:\USERS\SUGINOTE6\DOCUMENTS\VISUAL STUDIO 2010\PROJECTS\ITIGO1.1\DEBUG\ITIGO1.1.PDB
C:\USERS\SUGINOTE6\DOCUMENTS\VISUAL STUDIO 2010\PROJECTS\ITIGO1.1\DEBUG\ITIGO1.1.RES
C:\Users\SugiNote6\documents\visual studio 2010\Projects\itigo1.1\Debug\itigo1.1_manifest.rc
C:\USERS\SUGINOTE6\DOCUMENTS\VISUAL STUDIO 2010\PROJECTS\ITIGO1.1\DEBUG\ITIGO1.1DOC.OBJ
C:\USERS\SUGINOTE6\DOCUMENTS\VISUAL STUDIO 2010\PROJECTS\ITIGO1.1\DEBUG\ITIGO1.1VIEW.OBJ
C:\Users\SugiNote6\documents\visual studio 2010\Projects\itigo1.1\Debug\link.10524.read.1.tlog
C:\Users\SugiNote6\documents\visual studio 2010\Projects\itigo1.1\Debug\link.10524.write.1.tlog
C:\Users\SugiNote6\documents\visual studio 2010\Projects\itigo1.1\Debug\link.10524-cvtres.read.1.tlog
C:\Users\SugiNote6\documents\visual studio 2010\Projects\itigo1.1\Debug\link.10524-cvtres.write.1.tlog
C:\Users\SugiNote6\documents\visual studio 2010\Projects\itigo1.1\Debug\link.2820.read.1.tlog
C:\Users\SugiNote6\documents\visual studio 2010\Projects\itigo1.1\Debug\link.2820.write.1.tlog
C:\Users\SugiNote6\documents\visual studio 2010\Projects\itigo1.1\Debug\link.2820-cvtres.read.1.tlog
C:\Users\SugiNote6\documents\visual studio 2010\Projects\itigo1.1\Debug\link.2820-cvtres.write.1.tlog
C:\Users\SugiNote6\documents\visual studio 2010\Projects\itigo1.1\Debug\link.3968.read.1.tlog
C:\Users\SugiNote6\documents\visual studio 2010\Projects\itigo1.1\Debug\link.3968.write.1.tlog
C:\Users\SugiNote6\documents\visual studio 2010\Projects\itigo1.1\Debug\link.3968-cvtres.read.1.tlog
C:\Users\SugiNote6\documents\visual studio 2010\Projects\itigo1.1\Debug\link.3968-cvtres.write.1.tlog
C:\Users\SugiNote6\documents\visual studio 2010\Projects\itigo1.1\Debug\link.4616.read.1.tlog
C:\Users\SugiNote6\documents\visual studio 2010\Projects\itigo1.1\Debug\link.4616.write.1.tlog
C:\Users\SugiNote6\documents\visual studio 2010\Projects\itigo1.1\Debug\link.4616-cvtres.read.1.tlog
C:\Users\SugiNote6\documents\visual studio 2010\Projects\itigo1.1\Debug\link.4616-cvtres.write.1.tlog
C:\Users\SugiNote6\documents\visual studio 2010\Projects\itigo1.1\Debug\link.7692.read.1.tlog
C:\Users\SugiNote6\documents\visual studio 2010\Projects\itigo1.1\Debug\link.7692.write.1.tlog
C:\Users\SugiNote6\documents\visual studio 2010\Projects\itigo1.1\Debug\link.7692-cvtres.read.1.tlog
C:\Users\SugiNote6\documents\visual studio 2010\Projects\itigo1.1\Debug\link.7692-cvtres.write.1.tlog
C:\Users\SugiNote6\documents\visual studio 2010\Projects\itigo1.1\Debug\link.7704.read.1.tlog
C:\Users\SugiNote6\documents\visual studio 2010\Projects\itigo1.1\Debug\link.7704.write.1.tlog
C:\Users\SugiNote6\documents\visual studio 2010\Projects\itigo1.1\Debug\link.7704-cvtres.read.1.tlog
C:\Users\SugiNote6\documents\visual studio 2010\Projects\itigo1.1\Debug\link.7704-cvtres.write.1.tlog
C:\Users\SugiNote6\documents\visual studio 2010\Projects\itigo1.1\Debug\link.9588.read.1.tlog
C:\Users\SugiNote6\documents\visual studio 2010\Projects\itigo1.1\Debug\link.9588.write.1.tlog
C:\Users\SugiNote6\documents\visual studio 2010\Projects\itigo1.1\Debug\link.9588-cvtres.read.1.tlog
C:\Users\SugiNote6\documents\visual studio 2010\Projects\itigo1.1\Debug\link.9588-cvtres.write.1.tlog
C:\Users\SugiNote6\documents\visual studio 2010\Projects\itigo1.1\Debug\link.command.1.tlog
C:\Users\SugiNote6\documents\visual studio 2010\Projects\itigo1.1\Debug\link.read.1.tlog
C:\Users\SugiNote6\documents\visual studio 2010\Projects\itigo1.1\Debug\link.write.1.tlog
C:\Users\SugiNote6\documents\visual studio 2010\Projects\itigo1.1\Debug\link-cvtres.read.1.tlog
C:\Users\SugiNote6\documents\visual studio 2010\Projects\itigo1.1\Debug\link-cvtres.write.1.tlog
C:\USERS\SUGINOTE6\DOCUMENTS\VISUAL STUDIO 2010\PROJECTS\ITIGO1.1\DEBUG\MAINFRM.OBJ
C:\Users\SugiNote6\documents\visual studio 2010\Projects\itigo1.1\Debug\mt.command.1.tlog
C:\Users\SugiNote6\documents\visual studio 2010\Projects\itigo1.1\Debug\mt.read.1.tlog
C:\Users\SugiNote6\documents\visual studio 2010\Projects\itigo1.1\Debug\mt.write.1.tlog
C:\Users\SugiNote6\documents\visual studio 2010\Projects\itigo1.1\Debug\rc.command.1.tlog
C:\Users\SugiNote6\documents\visual studio 2010\Projects\itigo1.1\Debug\rc.read.1.tlog
C:\Users\SugiNote6\documents\visual studio 2010\Projects\itigo1.1\Debug\rc.write.1.tlog
C:\USERS\SUGINOTE6\DOCUMENTS\VISUAL STUDIO 2010\PROJECTS\ITIGO1.1\DEBUG\SERVO_CLASS.OBJ
C:\USERS\SUGINOTE6\DOCUMENTS\VISUAL STUDIO 2010\PROJECTS\ITIGO1.1\DEBUG\STDAFX.OBJ
C:\Users\SugiNote6\documents\visual studio 2010\Projects\itigo1.1\Debug\vc100.idb
C:\USERS\SUGINOTE6\DOCUMENTS\VISUAL STUDIO 2010\PROJECTS\ITIGO1.1\DEBUG\VC100.PDB
